<?xml version="1.0" encoding="UTF-8"?>
<testng-results ignored="0" total="1" passed="1" failed="0" skipped="0">
  <reporter-output>
  </reporter-output>
  <suite started-at="2021-11-27T17:17:15 IST" name="Default suite" finished-at="2021-11-27T17:17:48 IST" duration-ms="32768">
    <groups>
    </groups>
    <test started-at="2021-11-27T17:17:15 IST" name="Default test" finished-at="2021-11-27T17:17:48 IST" duration-ms="32768">
      <class name="Module1_Login_Test.A_KiteLoginTest">
        <test-method is-config="true" signature="openbrowser()[pri:0, instance:Module1_Login_Test.A_KiteLoginTest@15ff3e9e]" started-at="2021-11-27T17:17:15 IST" name="openbrowser" finished-at="2021-11-27T17:17:42 IST" duration-ms="26658" status="PASS">
          <reporter-output>
          </reporter-output>
        </test-method> <!-- openbrowser -->
        <test-method is-config="true" signature="loginToApp()[pri:0, instance:Module1_Login_Test.A_KiteLoginTest@15ff3e9e]" started-at="2021-11-27T17:17:42 IST" name="loginToApp" finished-at="2021-11-27T17:17:43 IST" duration-ms="1192" status="PASS">
          <reporter-output>
          </reporter-output>
        </test-method> <!-- loginToApp -->
        <test-method signature="verifyPN()[pri:0, instance:Module1_Login_Test.A_KiteLoginTest@15ff3e9e]" started-at="2021-11-27T17:17:43 IST" name="verifyPN" finished-at="2021-11-27T17:17:48 IST" duration-ms="4708" status="PASS">
          <reporter-output>
          </reporter-output>
        </test-method> <!-- verifyPN -->
        <test-method is-config="true" signature="logoutFromApp(org.testng.ITestResult)[pri:0, instance:Module1_Login_Test.A_KiteLoginTest@15ff3e9e]" started-at="2021-11-27T17:17:48 IST" name="logoutFromApp" finished-at="2021-11-27T17:17:48 IST" duration-ms="2" status="PASS">
          <params>
            <param index="0">
              <value>
                <![CDATA[[TestResult name=verifyPN status=SUCCESS method=A_KiteLoginTest.verifyPN()[pri:0, instance:Module1_Login_Test.A_KiteLoginTest@15ff3e9e] output={null}]]]>
              </value>
            </param>
          </params>
          <reporter-output>
          </reporter-output>
        </test-method> <!-- logoutFromApp -->
        <test-method is-config="true" signature="closeBrowser()[pri:0, instance:Module1_Login_Test.A_KiteLoginTest@15ff3e9e]" started-at="2021-11-27T17:17:48 IST" name="closeBrowser" finished-at="2021-11-27T17:17:48 IST" duration-ms="149" status="PASS">
          <reporter-output>
          </reporter-output>
        </test-method> <!-- closeBrowser -->
      </class> <!-- Module1_Login_Test.A_KiteLoginTest -->
    </test> <!-- Default test -->
  </suite> <!-- Default suite -->
</testng-results>
